<?xml version="1.0" encoding="UTF-8"?>
<!-- Generated by org.testng.reporters.JUnitReportReporter -->
<testsuite hostname="MuhammadJaziem" failures="0" tests="1" name="productDemoApp.testCases.TC_HomePage" time="27.888" errors="0" timestamp="2022-08-05T11:29:01 MYT" skipped="0">
  <testcase classname="productDemoApp.testCases.TC_HomePage" name="t_01_validate_form" time="27.888"/>
  <system-out/>
</testsuite> <!-- productDemoApp.testCases.TC_HomePage -->
